{
  "RSpec": {
    "coverage": {
      "/Users/mehulchauhan/Projects/bank-tech/spec/bank_spec.rb": {
        "lines": [
          null,
          null,
          1,
          1,
          null,
          1,
          6,
          2,
          2,
          null,
          1,
          1,
          1,
          1,
          1,
          null,
          null,
          1,
          1,
          1,
          1,
          null,
          null,
          1,
          1,
          1,
          1,
          1,
          null,
          null,
          null,
          1,
          1,
          1,
          1,
          1,
          1,
          null,
          null,
          1,
          2,
          null,
          null,
          null
        ]
      },
      "/Users/mehulchauhan/Projects/bank-tech/lib/bank.rb": {
        "lines": [
          null,
          null,
          1,
          null,
          1,
          1,
          null,
          1,
          7,
          null,
          null,
          1,
          5,
          5,
          null,
          null,
          1,
          2,
          null,
          1,
          null,
          null,
          1,
          0,
          null,
          null,
          1,
          null,
          1,
          6,
          null,
          null,
          1,
          2,
          null,
          null,
          1,
          3,
          null,
          2,
          null,
          null,
          1,
          6,
          6,
          2,
          2,
          null,
          4,
          null,
          null,
          null
        ]
      }
    },
    "timestamp": 1628071995
  }
}
